
          -------------------------------------------------------
          Amber 20 PMEMD                              2020
          -------------------------------------------------------

| PMEMD implementation of SANDER, Release 18

|  Compiled date/time: Tue Apr 28 03:19:54 2020
| Run on 06/08/2022 at 11:25:39

|   Executable path: pmemd.MPI
| Working directory: /work/xxxx/SIMULATION/xxxx/OPES/TOY/G_mulwal_nocuda
|          Hostname: gnode09

  [-O]verwriting output

File Assignments:
|   MDIN: W0/md.OPES1.in                                                        
|  MDOUT: W0/01-ala2.OPES.out                                                   
| INPCRD: W0/00-ala2.rst                                                        
|   PARM: W0/ala2.top                                                           
| RESTRT: W0/01-ala2.OPES.rst                                                   
|   REFC: W0/00-ala2.rst                                                        
|  MDVEL: mdvel.000                                                             
|   MDEN: mden.000                                                              
|  MDCRD: W0/01-ala2.OPES.crd                                                   
| MDINFO: W0/01-ala2.OPES.mdinfo                                                
|LOGFILE: logfile.000                                                           
|  MDFRC: mdfrc.000                                                             


 Here is the input file:

production NPT                                                                 
 &cntrl                                                                        
   imin=0,                                                                     
   ntx=1, irest=0,                                                             
   t=0,                                                                        
   ntxo=2, ntpr=5000, ntwr=10000000, ntwx=5000, ioutfm=1,                      
   nstlim=2500000, dt=0.002,                                                   
   ntt=2, temp0=310, ig=-1, tempi=310, vrand=50000,                            
   ntp=1, barostat=2, pres0=1.0, mcbarint=50000,                               
   ntc=2,                                                                      
   ntf=2, ntb=2, cut=8.,                                                       
   plumed=1, plumedfile='W0/plumed1.dat'                                       
                                                                               
/                                                                              
 &ewald                                                                        
   ew_type=0, use_pme=1,                                                       
/                                                                              
                                                                               


Note: ig = -1. Setting random seed to   577946 based on wallclock time in
      microseconds and disabling the synchronization of random numbers 
      between tasks to improve performance.
| irandom = 1, using AMBER's internal random number generator (default).
PLUMED is on
PLUMED file is W0/plumed1.dat                                                                                                                                                                                                                                                  
 
 
| Conditional Compilation Defines Used:
| MPI
| PUBFFT
| BINTRAJ
| EMIL

| Largest sphere to fit in unit cell has radius =    12.466

| New format PARM file being parsed.
| Version =    1.000 Date = 06/07/22 Time = 13:09:54

| Note: 1-4 EEL scale factors are being read from the topology file.

| Note: 1-4 VDW scale factors are being read from the topology file.
| Duplicated    0 dihedrals

| Duplicated    0 dihedrals

--------------------------------------------------------------------------------
   1.  RESOURCE   USE: 
--------------------------------------------------------------------------------

 getting new box info from bottom of inpcrd
 NATOM  =    1751 NTYPES =       9 NBONH =    1736 MBONA  =      14
 NTHETH =      36 MTHETA =      18 NPHIH =      64 MPHIA  =      45
 NHPARM =       0 NPARM  =       0 NNB   =    2444 NRES   =     577
 NBONA  =      14 NTHETA =      18 NPHIA =      45 NUMBND =      13
 NUMANG =      21 NPTRA  =      20 NATYP =      10 NPHB   =       0
 IFBOX  =       2 NMXRS  =      10 IFCAP =       0 NEXTRA =       0
 NCOPY  =       0

| Coordinate Index Table dimensions:     5    5    5
| Direct force subcell size =     6.1071    6.1071    6.1071

     BOX TYPE: TRUNCATED OCTAHEDRON

--------------------------------------------------------------------------------
   2.  CONTROL  DATA  FOR  THE  RUN
--------------------------------------------------------------------------------

default_name                                                                    

General flags:
     imin    =       0, nmropt  =       0

Nature and format of input:
     ntx     =       1, irest   =       0, ntrx    =       1

Nature and format of output:
     ntxo    =       2, ntpr    =    5000, ntrx    =       1, ntwr    =10000000
     iwrap   =       0, ntwx    =    5000, ntwv    =       0, ntwe    =       0
     ioutfm  =       1, ntwprt  =       0, idecomp =       0, rbornstat=      0

Potential function:
     ntf     =       2, ntb     =       2, igb     =       0, nsnb    =      25
     ipol    =       0, gbsa    =       0, iesp    =       0
     dielc   =   1.00000, cut     =   8.00000, intdiel =   1.00000

Frozen or restrained atoms:
     ibelly  =       0, ntr     =       0

Molecular dynamics:
     nstlim  =   2500000, nscm    =      1000, nrespa  =         1
     t       =   0.00000, dt      =   0.00200, vlimit  =  20.00000

Anderson (strong collision) temperature regulation:
     ig      =  577946, vrand   =   50000
     temp0   = 310.00000, tempi   = 310.00000

Pressure regulation:
     ntp     =       1
     pres0   =   1.00000, comp    =  44.60000, taup    =   1.00000
     Monte-Carlo Barostat:
     mcbarint  =   50000

SHAKE:
     ntc     =       2, jfastw  =       0
     tol     =   0.00001

| Intermolecular bonds treatment:
|     no_intermolecular_bonds =       1

| Energy averages sample interval:
|     ene_avg_sampling =    5000

Ewald parameters:
     verbose =       0, ew_type =       0, nbflag  =       1, use_pme =       1
     vdwmeth =       1, eedmeth =       1, netfrc  =       1
     Box X =   30.536   Box Y =   30.536   Box Z =   30.536
     Alpha =  109.471   Beta  =  109.471   Gamma =  109.471
     NFFT1 =   32       NFFT2 =   32       NFFT3 =   32
     Cutoff=    8.000   Tol   =0.100E-04
     Ewald Coefficient =  0.34864
     Interpolation order =    4

| PMEMD ewald parallel performance parameters:
|     block_fft =    0
|     fft_blk_y_divisor =    2
|     excl_recip =    0
|     excl_master =    0
|     atm_redist_freq =  320
| MONTE CARLO BAROSTAT IMPORTANT NOTE:
|   The Monte-Carlo barostat does not require the virial to adjust the system volume.
|   Since it is an expensive calculation, it is skipped for efficiency. A side-effect
|   is that the reported pressure is always 0 because it is not calculated.

--------------------------------------------------------------------------------
   3.  ATOMIC COORDINATES AND VELOCITIES
--------------------------------------------------------------------------------

default_name                                                                    
 begin time read from input coords =     0.000 ps

 
 Number of triangulated 3-point waters found:      573

     Sum of charges from parm topology file =  -0.00000000
     Forcing neutrality...

| Dynamic Memory, Types Used:
| Reals              219273
| Integers           164453

| Nonbonded Pairs Initial Allocation:      199614

| Running AMBER/MPI version on    2 MPI task

 
--------------------------------------------------------------------------------
   4.  RESULTS
--------------------------------------------------------------------------------

 ---------------------------------------------------
 APPROXIMATING switch and d/dx switch using CUBIC SPLINE INTERPOLATION
 using   5000.0 points per unit in tabled values
 TESTING RELATIVE ERROR over r ranging from 0.0 to cutoff
| CHECK switch(x): max rel err =   0.2738E-14   at   2.422500
| CHECK d/dx switch(x): max rel err =   0.8332E-11   at   2.782960
 ---------------------------------------------------
|---------------------------------------------------
| APPROXIMATING direct energy using CUBIC SPLINE INTERPOLATION
|  with   50.0 points per unit in tabled values
| Relative Error Limit not exceeded for r .gt.   2.47
| APPROXIMATING direct force using CUBIC SPLINE INTERPOLATION
|  with   50.0 points per unit in tabled values
| Relative Error Limit not exceeded for r .gt.   2.89
|---------------------------------------------------

 NSTEP =        0   TIME(PS) =       0.000  TEMP(K) =   453.56  PRESS =     0.0
 Etot   =     -2790.9494  EKtot   =      1583.5909  EPtot      =     -4374.5403
 BOND   =         0.0205  ANGLE   =         0.6685  DIHED      =        16.8986
 1-4 NB =         8.7181  1-4 EEL =       121.7250  VDWAALS    =       669.9037
 EELEC  =     -5192.4746  EHBOND  =         0.0000  RESTRAINT  =         0.0000
 EKCMT  =         0.0000  VIRIAL  =         0.0000  VOLUME     =     21917.8753
                                                    Density    =         0.7984
 Ewald error estimate:   0.7556E-03
 ------------------------------------------------------------------------------

check COM velocity, temp:        0.007880     0.09(Removed)
check COM velocity, temp:        0.000000     0.00(Removed)
check COM velocity, temp:        0.000000     0.00(Removed)
check COM velocity, temp:        0.000000     0.00(Removed)
check COM velocity, temp:        0.000000     0.00(Removed)

 NSTEP =     5000   TIME(PS) =      10.000  TEMP(K) =   382.64  PRESS =     0.0
 Etot   =     -3317.1956  EKtot   =      1335.9994  EPtot      =     -4653.1950
 BOND   =         3.8102  ANGLE   =        14.0430  DIHED      =        20.5645
 1-4 NB =         5.4724  1-4 EEL =       115.8681  VDWAALS    =       558.2396
 EELEC  =     -5371.1928  EHBOND  =         0.0000  RESTRAINT  =         0.0000
 EKCMT  =         0.0000  VIRIAL  =         0.0000  VOLUME     =     21917.8753
                                                    Density    =         0.7984
 Ewald error estimate:   0.2754E-03
 ------------------------------------------------------------------------------

check COM velocity, temp:        0.000000     0.00(Removed)
check COM velocity, temp:        0.000000     0.00(Removed)
check COM velocity, temp:        0.000000     0.00(Removed)
check COM velocity, temp:        0.000000     0.00(Removed)
check COM velocity, temp:        0.000000     0.00(Removed)

 NSTEP =    10000   TIME(PS) =      20.000  TEMP(K) =   395.85  PRESS =     0.0
 Etot   =     -3313.0904  EKtot   =      1382.1034  EPtot      =     -4695.1938
 BOND   =         4.2133  ANGLE   =        13.9876  DIHED      =        19.9104
 1-4 NB =         7.0746  1-4 EEL =       114.0336  VDWAALS    =       632.4908
 EELEC  =     -5486.9041  EHBOND  =         0.0000  RESTRAINT  =         0.0000
 EKCMT  =         0.0000  VIRIAL  =         0.0000  VOLUME     =     21917.8753
                                                    Density    =         0.7984
 Ewald error estimate:   0.3733E-03
 ------------------------------------------------------------------------------

check COM velocity, temp:        0.000000     0.00(Removed)
check COM velocity, temp:        0.000000     0.00(Removed)
check COM velocity, temp:        0.000000     0.00(Removed)
check COM velocity, temp:        0.000000     0.00(Removed)
check COM velocity, temp:        0.000000     0.00(Removed)

 NSTEP =    15000   TIME(PS) =      30.000  TEMP(K) =   383.33  PRESS =     0.0
 Etot   =     -3306.2069  EKtot   =      1338.3911  EPtot      =     -4644.5980
 BOND   =         5.7933  ANGLE   =        17.2445  DIHED      =        22.4171
 1-4 NB =         6.4670  1-4 EEL =       112.1589  VDWAALS    =       573.3088
 EELEC  =     -5381.9877  EHBOND  =         0.0000  RESTRAINT  =         0.0000
 EKCMT  =         0.0000  VIRIAL  =         0.0000  VOLUME     =     21917.8753
                                                    Density    =         0.7984
 Ewald error estimate:   0.2941E-03
 ------------------------------------------------------------------------------

check COM velocity, temp:        0.000000     0.00(Removed)
check COM velocity, temp:        0.000000     0.00(Removed)
check COM velocity, temp:        0.000000     0.00(Removed)
check COM velocity, temp:        0.000000     0.00(Removed)
check COM velocity, temp:        0.000000     0.00(Removed)

 NSTEP =    20000   TIME(PS) =      40.000  TEMP(K) =   398.32  PRESS =     0.0
 Etot   =     -3304.3583  EKtot   =      1390.7469  EPtot      =     -4695.1053
 BOND   =         5.6069  ANGLE   =        14.5852  DIHED      =        21.3266
 1-4 NB =         6.2866  1-4 EEL =       120.4414  VDWAALS    =       634.1328
 EELEC  =     -5497.4848  EHBOND  =         0.0000  RESTRAINT  =         0.0000
 EKCMT  =         0.0000  VIRIAL  =         0.0000  VOLUME     =     21917.8753
                                                    Density    =         0.7984
 Ewald error estimate:   0.7431E-04
 ------------------------------------------------------------------------------

check COM velocity, temp:        0.000000     0.00(Removed)
check COM velocity, temp:        0.000000     0.00(Removed)
check COM velocity, temp:        0.000000     0.00(Removed)
check COM velocity, temp:        0.000000     0.00(Removed)
check COM velocity, temp:        0.000000     0.00(Removed)

 NSTEP =    25000   TIME(PS) =      50.000  TEMP(K) =   386.56  PRESS =     0.0
 Etot   =     -3303.5549  EKtot   =      1349.6744  EPtot      =     -4653.2293
 BOND   =         6.1353  ANGLE   =        15.6893  DIHED      =        18.3553
 1-4 NB =         5.6101  1-4 EEL =       115.3398  VDWAALS    =       526.3246
 EELEC  =     -5340.6836  EHBOND  =         0.0000  RESTRAINT  =         0.0000
 EKCMT  =         0.0000  VIRIAL  =         0.0000  VOLUME     =     21917.8753
                                                    Density    =         0.7984
 Ewald error estimate:   0.3595E-03
 ------------------------------------------------------------------------------

check COM velocity, temp:        0.000000     0.00(Removed)
check COM velocity, temp:        0.000000     0.00(Removed)
check COM velocity, temp:        0.000000     0.00(Removed)
check COM velocity, temp:        0.000000     0.00(Removed)
check COM velocity, temp:        0.000000     0.00(Removed)

 NSTEP =    30000   TIME(PS) =      60.000  TEMP(K) =   375.47  PRESS =     0.0
 Etot   =     -3301.5998  EKtot   =      1310.9468  EPtot      =     -4612.5465
 BOND   =         8.2008  ANGLE   =        12.4975  DIHED      =        23.3332
 1-4 NB =         5.9761  1-4 EEL =       117.8147  VDWAALS    =       590.9699
 EELEC  =     -5371.3386  EHBOND  =         0.0000  RESTRAINT  =         0.0000
 EKCMT  =         0.0000  VIRIAL  =         0.0000  VOLUME     =     21917.8753
                                                    Density    =         0.7984
 Ewald error estimate:   0.2141E-03
 ------------------------------------------------------------------------------

check COM velocity, temp:        0.000000     0.00(Removed)
check COM velocity, temp:        0.000000     0.00(Removed)
check COM velocity, temp:        0.000000     0.00(Removed)
check COM velocity, temp:        0.000000     0.00(Removed)
check COM velocity, temp:        0.000000     0.00(Removed)

 NSTEP =    35000   TIME(PS) =      70.000  TEMP(K) =   398.15  PRESS =     0.0
 Etot   =     -3299.4909  EKtot   =      1390.1287  EPtot      =     -4689.6195
 BOND   =         5.8071  ANGLE   =        15.9026  DIHED      =        24.2983
 1-4 NB =         5.5617  1-4 EEL =       117.3357  VDWAALS    =       593.3364
 EELEC  =     -5451.8614  EHBOND  =         0.0000  RESTRAINT  =         0.0000
 EKCMT  =         0.0000  VIRIAL  =         0.0000  VOLUME     =     21917.8753
                                                    Density    =         0.7984
 Ewald error estimate:   0.5061E-03
 ------------------------------------------------------------------------------

check COM velocity, temp:        0.000000     0.00(Removed)
check COM velocity, temp:        0.000000     0.00(Removed)
check COM velocity, temp:        0.000000     0.00(Removed)
check COM velocity, temp:        0.000000     0.00(Removed)
check COM velocity, temp:        0.000000     0.00(Removed)

 NSTEP =    40000   TIME(PS) =      80.000  TEMP(K) =   380.81  PRESS =     0.0
 Etot   =     -3299.5180  EKtot   =      1329.5984  EPtot      =     -4629.1164
 BOND   =         6.7857  ANGLE   =        18.1557  DIHED      =        23.4274
 1-4 NB =         4.7300  1-4 EEL =       115.0551  VDWAALS    =       620.1483
 EELEC  =     -5417.4188  EHBOND  =         0.0000  RESTRAINT  =         0.0000
 EKCMT  =         0.0000  VIRIAL  =         0.0000  VOLUME     =     21917.8753
                                                    Density    =         0.7984
 Ewald error estimate:   0.3974E-04
 ------------------------------------------------------------------------------

check COM velocity, temp:        0.000000     0.00(Removed)
check COM velocity, temp:        0.000000     0.00(Removed)
check COM velocity, temp:        0.000000     0.00(Removed)
check COM velocity, temp:        0.000000     0.00(Removed)
check COM velocity, temp:        0.000000     0.00(Removed)

 NSTEP =    45000   TIME(PS) =      90.000  TEMP(K) =   391.81  PRESS =     0.0
 Etot   =     -3299.0325  EKtot   =      1368.0182  EPtot      =     -4667.0508
 BOND   =         4.1761  ANGLE   =        13.9922  DIHED      =        21.2472
 1-4 NB =         4.4006  1-4 EEL =       117.1073  VDWAALS    =       592.7100
 EELEC  =     -5420.6842  EHBOND  =         0.0000  RESTRAINT  =         0.0000
 EKCMT  =         0.0000  VIRIAL  =         0.0000  VOLUME     =     21917.8753
                                                    Density    =         0.7984
 Ewald error estimate:   0.2929E-03
 ------------------------------------------------------------------------------

check COM velocity, temp:        0.000000     0.00(Removed)
check COM velocity, temp:        0.000000     0.00(Removed)
check COM velocity, temp:        0.000000     0.00(Removed)
check COM velocity, temp:        0.000000     0.00(Removed)
Setting new random velocities at step    50000
check COM velocity, temp:        0.009596     0.14(Removed)

 NSTEP =    50000   TIME(PS) =     100.000  TEMP(K) =   389.26  PRESS =     0.0
 Etot   =     -3296.5056  EKtot   =      1359.1041  EPtot      =     -4655.6097
 BOND   =         3.6934  ANGLE   =        17.2006  DIHED      =        19.4840
 1-4 NB =         9.7760  1-4 EEL =       124.1022  VDWAALS    =       643.0559
 EELEC  =     -5472.9217  EHBOND  =         0.0000  RESTRAINT  =         0.0000
 EKCMT  =         0.0000  VIRIAL  =         0.0000  VOLUME     =     21917.8753
                                                    Density    =         0.7984
 Ewald error estimate:   0.5649E-05
 ------------------------------------------------------------------------------

check COM velocity, temp:        0.000000     0.00(Removed)
check COM velocity, temp:        0.000000     0.00(Removed)
check COM velocity, temp:        0.000000     0.00(Removed)
check COM velocity, temp:        0.000000     0.00(Removed)
check COM velocity, temp:        0.000000     0.00(Removed)

 NSTEP =    55000   TIME(PS) =     110.000  TEMP(K) =   346.23  PRESS =     0.0
 Etot   =     -3649.5003  EKtot   =      1208.8611  EPtot      =     -4858.3614
 BOND   =         6.8971  ANGLE   =        11.3958  DIHED      =        19.8920
 1-4 NB =         5.7954  1-4 EEL =       118.3123  VDWAALS    =       671.8614
 EELEC  =     -5692.5152  EHBOND  =         0.0000  RESTRAINT  =         0.0000
 EKCMT  =         0.0000  VIRIAL  =         0.0000  VOLUME     =     21917.8753
                                                    Density    =         0.7984
 Ewald error estimate:   0.9169E-04
 ------------------------------------------------------------------------------

check COM velocity, temp:        0.000000     0.00(Removed)
check COM velocity, temp:        0.000000     0.00(Removed)
check COM velocity, temp:        0.000000     0.00(Removed)
check COM velocity, temp:        0.000000     0.00(Removed)
check COM velocity, temp:        0.000000     0.00(Removed)

 NSTEP =    60000   TIME(PS) =     120.000  TEMP(K) =   342.25  PRESS =     0.0
 Etot   =     -3648.9543  EKtot   =      1194.9687  EPtot      =     -4843.9230
 BOND   =         3.0063  ANGLE   =        17.1106  DIHED      =        18.6746
 1-4 NB =         5.1272  1-4 EEL =       120.2357  VDWAALS    =       659.9075
 EELEC  =     -5667.9850  EHBOND  =         0.0000  RESTRAINT  =         0.0000
 EKCMT  =         0.0000  VIRIAL  =         0.0000  VOLUME     =     21917.8753
                                                    Density    =         0.7984
 Ewald error estimate:   0.1008E-03
 ------------------------------------------------------------------------------

check COM velocity, temp:        0.000000     0.00(Removed)
check COM velocity, temp:        0.000000     0.00(Removed)
check COM velocity, temp:        0.000000     0.00(Removed)
check COM velocity, temp:        0.000000     0.00(Removed)
check COM velocity, temp:        0.000000     0.00(Removed)

 NSTEP =    65000   TIME(PS) =     130.000  TEMP(K) =   343.86  PRESS =     0.0
 Etot   =     -3648.0751  EKtot   =      1200.5695  EPtot      =     -4848.6445
 BOND   =         9.1182  ANGLE   =         8.7552  DIHED      =        18.9250
 1-4 NB =         4.5702  1-4 EEL =       116.6497  VDWAALS    =       640.9435
 EELEC  =     -5647.6064  EHBOND  =         0.0000  RESTRAINT  =         0.0000
 EKCMT  =         0.0000  VIRIAL  =         0.0000  VOLUME     =     21917.8753
                                                    Density    =         0.7984
 Ewald error estimate:   0.8666E-04
 ------------------------------------------------------------------------------

check COM velocity, temp:        0.000000     0.00(Removed)
check COM velocity, temp:        0.000000     0.00(Removed)
check COM velocity, temp:        0.000000     0.00(Removed)
check COM velocity, temp:        0.000000     0.00(Removed)
check COM velocity, temp:        0.000000     0.00(Removed)

 NSTEP =    70000   TIME(PS) =     140.000  TEMP(K) =   343.49  PRESS =     0.0
 Etot   =     -3647.6178  EKtot   =      1199.3086  EPtot      =     -4846.9265
 BOND   =         2.9600  ANGLE   =        15.5595  DIHED      =        19.5320
 1-4 NB =         6.6475  1-4 EEL =       122.2934  VDWAALS    =       631.5282
 EELEC  =     -5645.4471  EHBOND  =         0.0000  RESTRAINT  =         0.0000
 EKCMT  =         0.0000  VIRIAL  =         0.0000  VOLUME     =     21917.8753
                                                    Density    =         0.7984
 Ewald error estimate:   0.1413E-03
 ------------------------------------------------------------------------------

check COM velocity, temp:        0.000000     0.00(Removed)
check COM velocity, temp:        0.000000     0.00(Removed)
check COM velocity, temp:        0.000000     0.00(Removed)
check COM velocity, temp:        0.000000     0.00(Removed)
check COM velocity, temp:        0.000000     0.00(Removed)

 NSTEP =    75000   TIME(PS) =     150.000  TEMP(K) =   350.04  PRESS =     0.0
 Etot   =     -3646.3034  EKtot   =      1222.1804  EPtot      =     -4868.4838
 BOND   =         7.0480  ANGLE   =         7.6031  DIHED      =        21.5834
 1-4 NB =         8.0328  1-4 EEL =       116.9310  VDWAALS    =       641.3361
 EELEC  =     -5671.0184  EHBOND  =         0.0000  RESTRAINT  =         0.0000
 EKCMT  =         0.0000  VIRIAL  =         0.0000  VOLUME     =     21917.8753
                                                    Density    =         0.7984
 Ewald error estimate:   0.1517E-03
 ------------------------------------------------------------------------------

check COM velocity, temp:        0.000000     0.00(Removed)
check COM velocity, temp:        0.000000     0.00(Removed)
check COM velocity, temp:        0.000000     0.00(Removed)
check COM velocity, temp:        0.000000     0.00(Removed)
check COM velocity, temp:        0.000000     0.00(Removed)

 NSTEP =    80000   TIME(PS) =     160.000  TEMP(K) =   342.03  PRESS =     0.0
 Etot   =     -3646.5623  EKtot   =      1194.1880  EPtot      =     -4840.7503
 BOND   =         4.5946  ANGLE   =        14.6089  DIHED      =        19.5192
 1-4 NB =         4.2308  1-4 EEL =       122.6877  VDWAALS    =       575.5107
 EELEC  =     -5581.9023  EHBOND  =         0.0000  RESTRAINT  =         0.0000
 EKCMT  =         0.0000  VIRIAL  =         0.0000  VOLUME     =     21917.8753
                                                    Density    =         0.7984
 Ewald error estimate:   0.4409E-03
 ------------------------------------------------------------------------------

check COM velocity, temp:        0.000000     0.00(Removed)
check COM velocity, temp:        0.000000     0.00(Removed)
check COM velocity, temp:        0.000000     0.00(Removed)
check COM velocity, temp:        0.000000     0.00(Removed)
check COM velocity, temp:        0.000000     0.00(Removed)

 NSTEP =    85000   TIME(PS) =     170.000  TEMP(K) =   349.58  PRESS =     0.0
 Etot   =     -3644.5536  EKtot   =      1220.5574  EPtot      =     -4865.1109
 BOND   =         7.0535  ANGLE   =        17.3344  DIHED      =        17.5887
 1-4 NB =         6.9866  1-4 EEL =       119.3721  VDWAALS    =       617.1464
 EELEC  =     -5650.5925  EHBOND  =         0.0000  RESTRAINT  =         0.0000
 EKCMT  =         0.0000  VIRIAL  =         0.0000  VOLUME     =     21917.8753
                                                    Density    =         0.7984
 Ewald error estimate:   0.5416E-03
 ------------------------------------------------------------------------------

check COM velocity, temp:        0.000000     0.00(Removed)
check COM velocity, temp:        0.000000     0.00(Removed)
check COM velocity, temp:        0.000000     0.00(Removed)
check COM velocity, temp:        0.000000     0.00(Removed)
check COM velocity, temp:        0.000000     0.00(Removed)

 NSTEP =    90000   TIME(PS) =     180.000  TEMP(K) =   353.01  PRESS =     0.0
 Etot   =     -3644.5731  EKtot   =      1232.5262  EPtot      =     -4877.0993
 BOND   =         6.5795  ANGLE   =        17.9551  DIHED      =        21.6409
 1-4 NB =         4.5333  1-4 EEL =       115.5077  VDWAALS    =       704.6195
 EELEC  =     -5747.9353  EHBOND  =         0.0000  RESTRAINT  =         0.0000
 EKCMT  =         0.0000  VIRIAL  =         0.0000  VOLUME     =     21917.8753
                                                    Density    =         0.7984
 Ewald error estimate:   0.3552E-03
 ------------------------------------------------------------------------------

check COM velocity, temp:        0.000000     0.00(Removed)
check COM velocity, temp:        0.000000     0.00(Removed)
check COM velocity, temp:        0.000000     0.00(Removed)
check COM velocity, temp:        0.000000     0.00(Removed)
check COM velocity, temp:        0.000000     0.00(Removed)

 NSTEP =    95000   TIME(PS) =     190.000  TEMP(K) =   344.02  PRESS =     0.0
 Etot   =     -3643.1921  EKtot   =      1201.1379  EPtot      =     -4844.3300
 BOND   =         8.0515  ANGLE   =        12.5845  DIHED      =        19.2567
 1-4 NB =         6.6210  1-4 EEL =       120.7760  VDWAALS    =       629.6137
 EELEC  =     -5641.2333  EHBOND  =         0.0000  RESTRAINT  =         0.0000
 EKCMT  =         0.0000  VIRIAL  =         0.0000  VOLUME     =     21917.8753
                                                    Density    =         0.7984
 Ewald error estimate:   0.3090E-03
 ------------------------------------------------------------------------------

check COM velocity, temp:        0.000000     0.00(Removed)
check COM velocity, temp:        0.000000     0.00(Removed)
check COM velocity, temp:        0.000000     0.00(Removed)
check COM velocity, temp:        0.000000     0.00(Removed)
Setting new random velocities at step   100000
check COM velocity, temp:        0.015312     0.35(Removed)

 NSTEP =   100000   TIME(PS) =     200.000  TEMP(K) =   349.33  PRESS =     0.0
 Etot   =     -3642.1574  EKtot   =      1219.6717  EPtot      =     -4861.8291
 BOND   =         5.1437  ANGLE   =        11.6462  DIHED      =        19.9341
 1-4 NB =         4.9220  1-4 EEL =       113.5222  VDWAALS    =       640.3037
 EELEC  =     -5657.3009  EHBOND  =         0.0000  RESTRAINT  =         0.0000
 EKCMT  =         0.0000  VIRIAL  =         0.0000  VOLUME     =     21919.6938
                                                    Density    =         0.7984
 Ewald error estimate:   0.4370E-03
 ------------------------------------------------------------------------------

check COM velocity, temp:        0.000000     0.00(Removed)
check COM velocity, temp:        0.000000     0.00(Removed)
check COM velocity, temp:        0.000000     0.00(Removed)
check COM velocity, temp:        0.000000     0.00(Removed)
check COM velocity, temp:        0.000000     0.00(Removed)

 NSTEP =   105000   TIME(PS) =     210.000  TEMP(K) =   340.55  PRESS =     0.0
 Etot   =     -3818.1867  EKtot   =      1189.0137  EPtot      =     -5007.2004
 BOND   =         4.8268  ANGLE   =        10.2546  DIHED      =        22.6866
 1-4 NB =         5.3930  1-4 EEL =       119.2451  VDWAALS    =       666.1841
 EELEC  =     -5835.7905  EHBOND  =         0.0000  RESTRAINT  =         0.0000
 EKCMT  =         0.0000  VIRIAL  =         0.0000  VOLUME     =     21919.6938
                                                    Density    =         0.7984
 Ewald error estimate:   0.1297E-03
 ------------------------------------------------------------------------------

check COM velocity, temp:        0.000000     0.00(Removed)
check COM velocity, temp:        0.000000     0.00(Removed)
check COM velocity, temp:        0.000000     0.00(Removed)
check COM velocity, temp:        0.000000     0.00(Removed)
check COM velocity, temp:        0.000000     0.00(Removed)

