
          -------------------------------------------------------
          Amber 20 PMEMD                              2020
          -------------------------------------------------------

| PMEMD implementation of SANDER, Release 18

|  Compiled date/time: Tue Apr 28 03:19:54 2020
| Run on 06/08/2022 at 11:25:39

|   Executable path: pmemd.MPI
| Working directory: /work/xxxx/SIMULATION/xxxx/OPES/TOY/G_mulwal_nocuda
|          Hostname: gnode09

  [-O]verwriting output

File Assignments:
|   MDIN: W1/md.OPES1.in                                                        
|  MDOUT: W1/01-ala2.OPES.out                                                   
| INPCRD: W1/00-ala2.rst                                                        
|   PARM: W1/ala2.top                                                           
| RESTRT: W1/01-ala2.OPES.rst                                                   
|   REFC: W1/00-ala2.rst                                                        
|  MDVEL: mdvel.001                                                             
|   MDEN: mden.001                                                              
|  MDCRD: W1/01-ala2.OPES.crd                                                   
| MDINFO: W1/01-ala2.OPES.mdinfo                                                
|LOGFILE: logfile.001                                                           
|  MDFRC: mdfrc.001                                                             


 Here is the input file:

production NPT                                                                 
 &cntrl                                                                        
   imin=0,                                                                     
   ntx=1, irest=0,                                                             
   t=0,                                                                        
   ntxo=2, ntpr=5000, ntwr=10000000, ntwx=5000, ioutfm=1,                      
   nstlim=2500000, dt=0.002,                                                   
   ntt=2, temp0=310, ig=-1, tempi=310, vrand=50000,                            
   ntp=1, barostat=2, pres0=1.0, mcbarint=50000,                               
   ntc=2,                                                                      
   ntf=2, ntb=2, cut=8.,                                                       
   plumed=1, plumedfile='W1/plumed1.dat'                                       
                                                                               
/                                                                              
 &ewald                                                                        
   ew_type=0, use_pme=1,                                                       
/                                                                              
                                                                               


Note: ig = -1. Setting random seed to   578031 based on wallclock time in
      microseconds and disabling the synchronization of random numbers 
      between tasks to improve performance.
| irandom = 1, using AMBER's internal random number generator (default).
PLUMED is on
PLUMED file is W1/plumed1.dat                                                                                                                                                                                                                                                  
 
 
| Conditional Compilation Defines Used:
| MPI
| PUBFFT
| BINTRAJ
| EMIL

| Largest sphere to fit in unit cell has radius =    12.466

| New format PARM file being parsed.
| Version =    1.000 Date = 06/07/22 Time = 13:09:54

| Note: 1-4 EEL scale factors are being read from the topology file.

| Note: 1-4 VDW scale factors are being read from the topology file.
| Duplicated    0 dihedrals

| Duplicated    0 dihedrals

--------------------------------------------------------------------------------
   1.  RESOURCE   USE: 
--------------------------------------------------------------------------------

 getting new box info from bottom of inpcrd
 NATOM  =    1751 NTYPES =       9 NBONH =    1736 MBONA  =      14
 NTHETH =      36 MTHETA =      18 NPHIH =      64 MPHIA  =      45
 NHPARM =       0 NPARM  =       0 NNB   =    2444 NRES   =     577
 NBONA  =      14 NTHETA =      18 NPHIA =      45 NUMBND =      13
 NUMANG =      21 NPTRA  =      20 NATYP =      10 NPHB   =       0
 IFBOX  =       2 NMXRS  =      10 IFCAP =       0 NEXTRA =       0
 NCOPY  =       0

| Coordinate Index Table dimensions:     5    5    5
| Direct force subcell size =     6.1071    6.1071    6.1071

     BOX TYPE: TRUNCATED OCTAHEDRON

--------------------------------------------------------------------------------
   2.  CONTROL  DATA  FOR  THE  RUN
--------------------------------------------------------------------------------

default_name                                                                    

General flags:
     imin    =       0, nmropt  =       0

Nature and format of input:
     ntx     =       1, irest   =       0, ntrx    =       1

Nature and format of output:
     ntxo    =       2, ntpr    =    5000, ntrx    =       1, ntwr    =10000000
     iwrap   =       0, ntwx    =    5000, ntwv    =       0, ntwe    =       0
     ioutfm  =       1, ntwprt  =       0, idecomp =       0, rbornstat=      0

Potential function:
     ntf     =       2, ntb     =       2, igb     =       0, nsnb    =      25
     ipol    =       0, gbsa    =       0, iesp    =       0
     dielc   =   1.00000, cut     =   8.00000, intdiel =   1.00000

Frozen or restrained atoms:
     ibelly  =       0, ntr     =       0

Molecular dynamics:
     nstlim  =   2500000, nscm    =      1000, nrespa  =         1
     t       =   0.00000, dt      =   0.00200, vlimit  =  20.00000

Anderson (strong collision) temperature regulation:
     ig      =  578031, vrand   =   50000
     temp0   = 310.00000, tempi   = 310.00000

Pressure regulation:
     ntp     =       1
     pres0   =   1.00000, comp    =  44.60000, taup    =   1.00000
     Monte-Carlo Barostat:
     mcbarint  =   50000

SHAKE:
     ntc     =       2, jfastw  =       0
     tol     =   0.00001

| Intermolecular bonds treatment:
|     no_intermolecular_bonds =       1

| Energy averages sample interval:
|     ene_avg_sampling =    5000

Ewald parameters:
     verbose =       0, ew_type =       0, nbflag  =       1, use_pme =       1
     vdwmeth =       1, eedmeth =       1, netfrc  =       1
     Box X =   30.536   Box Y =   30.536   Box Z =   30.536
     Alpha =  109.471   Beta  =  109.471   Gamma =  109.471
     NFFT1 =   32       NFFT2 =   32       NFFT3 =   32
     Cutoff=    8.000   Tol   =0.100E-04
     Ewald Coefficient =  0.34864
     Interpolation order =    4

| PMEMD ewald parallel performance parameters:
|     block_fft =    0
|     fft_blk_y_divisor =    2
|     excl_recip =    0
|     excl_master =    0
|     atm_redist_freq =  320
| MONTE CARLO BAROSTAT IMPORTANT NOTE:
|   The Monte-Carlo barostat does not require the virial to adjust the system volume.
|   Since it is an expensive calculation, it is skipped for efficiency. A side-effect
|   is that the reported pressure is always 0 because it is not calculated.

--------------------------------------------------------------------------------
   3.  ATOMIC COORDINATES AND VELOCITIES
--------------------------------------------------------------------------------

default_name                                                                    
 begin time read from input coords =     0.000 ps

 
 Number of triangulated 3-point waters found:      573

     Sum of charges from parm topology file =  -0.00000000
     Forcing neutrality...

| Dynamic Memory, Types Used:
| Reals              219273
| Integers           164453

| Nonbonded Pairs Initial Allocation:      199614

| Running AMBER/MPI version on    2 MPI task

 
--------------------------------------------------------------------------------
   4.  RESULTS
--------------------------------------------------------------------------------

 ---------------------------------------------------
 APPROXIMATING switch and d/dx switch using CUBIC SPLINE INTERPOLATION
 using   5000.0 points per unit in tabled values
 TESTING RELATIVE ERROR over r ranging from 0.0 to cutoff
| CHECK switch(x): max rel err =   0.2738E-14   at   2.422500
| CHECK d/dx switch(x): max rel err =   0.8332E-11   at   2.782960
 ---------------------------------------------------
|---------------------------------------------------
| APPROXIMATING direct energy using CUBIC SPLINE INTERPOLATION
|  with   50.0 points per unit in tabled values
| Relative Error Limit not exceeded for r .gt.   2.47
| APPROXIMATING direct force using CUBIC SPLINE INTERPOLATION
|  with   50.0 points per unit in tabled values
| Relative Error Limit not exceeded for r .gt.   2.89
|---------------------------------------------------

 NSTEP =        0   TIME(PS) =       0.000  TEMP(K) =   479.57  PRESS =     0.0
 Etot   =     -2700.1287  EKtot   =      1674.4115  EPtot      =     -4374.5403
 BOND   =         0.0205  ANGLE   =         0.6685  DIHED      =        16.8986
 1-4 NB =         8.7181  1-4 EEL =       121.7250  VDWAALS    =       669.9037
 EELEC  =     -5192.4746  EHBOND  =         0.0000  RESTRAINT  =         0.0000
 EKCMT  =         0.0000  VIRIAL  =         0.0000  VOLUME     =     21917.8753
                                                    Density    =         0.7984
 Ewald error estimate:   0.7556E-03
 ------------------------------------------------------------------------------

check COM velocity, temp:        0.009945     0.15(Removed)
check COM velocity, temp:        0.000000     0.00(Removed)
check COM velocity, temp:        0.000000     0.00(Removed)
check COM velocity, temp:        0.000000     0.00(Removed)
check COM velocity, temp:        0.000000     0.00(Removed)

 NSTEP =     5000   TIME(PS) =      10.000  TEMP(K) =   394.63  PRESS =     0.0
 Etot   =     -3255.2841  EKtot   =      1377.8324  EPtot      =     -4633.1165
 BOND   =         7.4234  ANGLE   =        13.5461  DIHED      =        23.2279
 1-4 NB =         5.5800  1-4 EEL =       114.9616  VDWAALS    =       641.8612
 EELEC  =     -5439.7166  EHBOND  =         0.0000  RESTRAINT  =         0.0000
 EKCMT  =         0.0000  VIRIAL  =         0.0000  VOLUME     =     21917.8753
                                                    Density    =         0.7984
 Ewald error estimate:   0.2845E-03
 ------------------------------------------------------------------------------

check COM velocity, temp:        0.000000     0.00(Removed)
check COM velocity, temp:        0.000000     0.00(Removed)
check COM velocity, temp:        0.000000     0.00(Removed)
check COM velocity, temp:        0.000000     0.00(Removed)
check COM velocity, temp:        0.000000     0.00(Removed)

 NSTEP =    10000   TIME(PS) =      20.000  TEMP(K) =   392.55  PRESS =     0.0
 Etot   =     -3251.7032  EKtot   =      1370.5862  EPtot      =     -4622.2894
 BOND   =         1.5489  ANGLE   =        16.1982  DIHED      =        23.4994
 1-4 NB =         8.1643  1-4 EEL =       122.0263  VDWAALS    =       629.6338
 EELEC  =     -5423.3602  EHBOND  =         0.0000  RESTRAINT  =         0.0000
 EKCMT  =         0.0000  VIRIAL  =         0.0000  VOLUME     =     21917.8753
                                                    Density    =         0.7984
 Ewald error estimate:   0.1171E-03
 ------------------------------------------------------------------------------

check COM velocity, temp:        0.000000     0.00(Removed)
check COM velocity, temp:        0.000000     0.00(Removed)
check COM velocity, temp:        0.000000     0.00(Removed)
check COM velocity, temp:        0.000000     0.00(Removed)
check COM velocity, temp:        0.000000     0.00(Removed)

 NSTEP =    15000   TIME(PS) =      30.000  TEMP(K) =   408.82  PRESS =     0.0
 Etot   =     -3248.2032  EKtot   =      1427.3833  EPtot      =     -4675.5865
 BOND   =         9.2644  ANGLE   =        17.6527  DIHED      =        22.3678
 1-4 NB =         4.8196  1-4 EEL =       119.2101  VDWAALS    =       587.0442
 EELEC  =     -5435.9452  EHBOND  =         0.0000  RESTRAINT  =         0.0000
 EKCMT  =         0.0000  VIRIAL  =         0.0000  VOLUME     =     21917.8753
                                                    Density    =         0.7984
 Ewald error estimate:   0.1969E-03
 ------------------------------------------------------------------------------

check COM velocity, temp:        0.000000     0.00(Removed)
check COM velocity, temp:        0.000000     0.00(Removed)
check COM velocity, temp:        0.000000     0.00(Removed)
check COM velocity, temp:        0.000000     0.00(Removed)
check COM velocity, temp:        0.000000     0.00(Removed)

 NSTEP =    20000   TIME(PS) =      40.000  TEMP(K) =   405.81  PRESS =     0.0
 Etot   =     -3246.8884  EKtot   =      1416.8707  EPtot      =     -4663.7591
 BOND   =         4.2793  ANGLE   =        18.3905  DIHED      =        19.4151
 1-4 NB =         6.5433  1-4 EEL =       123.7764  VDWAALS    =       561.5068
 EELEC  =     -5397.6705  EHBOND  =         0.0000  RESTRAINT  =         0.0000
 EKCMT  =         0.0000  VIRIAL  =         0.0000  VOLUME     =     21917.8753
                                                    Density    =         0.7984
 Ewald error estimate:   0.2213E-03
 ------------------------------------------------------------------------------

check COM velocity, temp:        0.000000     0.00(Removed)
check COM velocity, temp:        0.000000     0.00(Removed)
check COM velocity, temp:        0.000000     0.00(Removed)
check COM velocity, temp:        0.000000     0.00(Removed)
check COM velocity, temp:        0.000000     0.00(Removed)

 NSTEP =    25000   TIME(PS) =      50.000  TEMP(K) =   391.39  PRESS =     0.0
 Etot   =     -3243.8403  EKtot   =      1366.5256  EPtot      =     -4610.3660
 BOND   =         1.6985  ANGLE   =        24.0533  DIHED      =        21.9483
 1-4 NB =         6.3097  1-4 EEL =       112.3597  VDWAALS    =       570.4710
 EELEC  =     -5347.2064  EHBOND  =         0.0000  RESTRAINT  =         0.0000
 EKCMT  =         0.0000  VIRIAL  =         0.0000  VOLUME     =     21917.8753
                                                    Density    =         0.7984
 Ewald error estimate:   0.4724E-04
 ------------------------------------------------------------------------------

check COM velocity, temp:        0.000000     0.00(Removed)
check COM velocity, temp:        0.000000     0.00(Removed)
check COM velocity, temp:        0.000000     0.00(Removed)
check COM velocity, temp:        0.000000     0.00(Removed)
check COM velocity, temp:        0.000000     0.00(Removed)

 NSTEP =    30000   TIME(PS) =      60.000  TEMP(K) =   381.24  PRESS =     0.0
 Etot   =     -3240.9906  EKtot   =      1331.0876  EPtot      =     -4572.0782
 BOND   =         8.5100  ANGLE   =        18.8550  DIHED      =        21.4575
 1-4 NB =         3.5886  1-4 EEL =       109.3739  VDWAALS    =       541.0729
 EELEC  =     -5274.9360  EHBOND  =         0.0000  RESTRAINT  =         0.0000
 EKCMT  =         0.0000  VIRIAL  =         0.0000  VOLUME     =     21917.8753
                                                    Density    =         0.7984
 Ewald error estimate:   0.2570E-03
 ------------------------------------------------------------------------------

check COM velocity, temp:        0.000000     0.00(Removed)
check COM velocity, temp:        0.000000     0.00(Removed)
check COM velocity, temp:        0.000000     0.00(Removed)
check COM velocity, temp:        0.000000     0.00(Removed)
check COM velocity, temp:        0.000000     0.00(Removed)

 NSTEP =    35000   TIME(PS) =      70.000  TEMP(K) =   393.47  PRESS =     0.0
 Etot   =     -3241.0133  EKtot   =      1373.7975  EPtot      =     -4614.8109
 BOND   =         8.9558  ANGLE   =        21.6344  DIHED      =        21.9681
 1-4 NB =         4.5077  1-4 EEL =       114.2793  VDWAALS    =       611.2906
 EELEC  =     -5397.4468  EHBOND  =         0.0000  RESTRAINT  =         0.0000
 EKCMT  =         0.0000  VIRIAL  =         0.0000  VOLUME     =     21917.8753
                                                    Density    =         0.7984
 Ewald error estimate:   0.4323E-04
 ------------------------------------------------------------------------------

check COM velocity, temp:        0.000000     0.00(Removed)
check COM velocity, temp:        0.000000     0.00(Removed)
check COM velocity, temp:        0.000000     0.00(Removed)
check COM velocity, temp:        0.000000     0.00(Removed)
check COM velocity, temp:        0.000000     0.00(Removed)

 NSTEP =    40000   TIME(PS) =      80.000  TEMP(K) =   409.73  PRESS =     0.0
 Etot   =     -3241.4365  EKtot   =      1430.5637  EPtot      =     -4672.0002
 BOND   =         1.7352  ANGLE   =        21.6356  DIHED      =        28.2154
 1-4 NB =         6.2677  1-4 EEL =       113.1978  VDWAALS    =       582.0736
 EELEC  =     -5425.1257  EHBOND  =         0.0000  RESTRAINT  =         0.0000
 EKCMT  =         0.0000  VIRIAL  =         0.0000  VOLUME     =     21917.8753
                                                    Density    =         0.7984
 Ewald error estimate:   0.1020E-03
 ------------------------------------------------------------------------------

check COM velocity, temp:        0.000000     0.00(Removed)
check COM velocity, temp:        0.000000     0.00(Removed)
check COM velocity, temp:        0.000000     0.00(Removed)
check COM velocity, temp:        0.000000     0.00(Removed)
check COM velocity, temp:        0.000000     0.00(Removed)

 NSTEP =    45000   TIME(PS) =      90.000  TEMP(K) =   389.08  PRESS =     0.0
 Etot   =     -3238.5943  EKtot   =      1358.4599  EPtot      =     -4597.0542
 BOND   =         2.4875  ANGLE   =        24.2071  DIHED      =        24.6891
 1-4 NB =         5.3471  1-4 EEL =       116.4864  VDWAALS    =       543.1610
 EELEC  =     -5313.4324  EHBOND  =         0.0000  RESTRAINT  =         0.0000
 EKCMT  =         0.0000  VIRIAL  =         0.0000  VOLUME     =     21917.8753
                                                    Density    =         0.7984
 Ewald error estimate:   0.2591E-03
 ------------------------------------------------------------------------------

check COM velocity, temp:        0.000000     0.00(Removed)
check COM velocity, temp:        0.000000     0.00(Removed)
check COM velocity, temp:        0.000000     0.00(Removed)
check COM velocity, temp:        0.000000     0.00(Removed)
Setting new random velocities at step    50000
check COM velocity, temp:        0.016196     0.40(Removed)

 NSTEP =    50000   TIME(PS) =     100.000  TEMP(K) =   396.91  PRESS =     0.0
 Etot   =     -3238.9548  EKtot   =      1385.7984  EPtot      =     -4624.7532
 BOND   =         7.3647  ANGLE   =        16.7933  DIHED      =        21.6002
 1-4 NB =         4.2231  1-4 EEL =       117.3045  VDWAALS    =       612.9824
 EELEC  =     -5405.0214  EHBOND  =         0.0000  RESTRAINT  =         0.0000
 EKCMT  =         0.0000  VIRIAL  =         0.0000  VOLUME     =     21748.2584
                                                    Density    =         0.8047
 Ewald error estimate:   0.2077E-03
 ------------------------------------------------------------------------------

check COM velocity, temp:        0.000000     0.00(Removed)
check COM velocity, temp:        0.000000     0.00(Removed)
check COM velocity, temp:        0.000000     0.00(Removed)
check COM velocity, temp:        0.000000     0.00(Removed)
check COM velocity, temp:        0.000000     0.00(Removed)

 NSTEP =    55000   TIME(PS) =     110.000  TEMP(K) =   358.12  PRESS =     0.0
 Etot   =     -3531.9529  EKtot   =      1250.3874  EPtot      =     -4782.3403
 BOND   =         9.2537  ANGLE   =        22.3438  DIHED      =        23.4605
 1-4 NB =         3.2667  1-4 EEL =       112.2991  VDWAALS    =       631.9679
 EELEC  =     -5584.9321  EHBOND  =         0.0000  RESTRAINT  =         0.0000
 EKCMT  =         0.0000  VIRIAL  =         0.0000  VOLUME     =     21748.2584
                                                    Density    =         0.8047
 Ewald error estimate:   0.5881E-04
 ------------------------------------------------------------------------------

check COM velocity, temp:        0.000000     0.00(Removed)
check COM velocity, temp:        0.000000     0.00(Removed)
check COM velocity, temp:        0.000000     0.00(Removed)
check COM velocity, temp:        0.000000     0.00(Removed)
check COM velocity, temp:        0.000000     0.00(Removed)

 NSTEP =    60000   TIME(PS) =     120.000  TEMP(K) =   352.86  PRESS =     0.0
 Etot   =     -3533.0873  EKtot   =      1232.0045  EPtot      =     -4765.0917
 BOND   =         5.1462  ANGLE   =        16.9971  DIHED      =        21.3936
 1-4 NB =         5.3812  1-4 EEL =       116.3141  VDWAALS    =       575.9358
 EELEC  =     -5506.2599  EHBOND  =         0.0000  RESTRAINT  =         0.0000
 EKCMT  =         0.0000  VIRIAL  =         0.0000  VOLUME     =     21748.2584
                                                    Density    =         0.8047
 Ewald error estimate:   0.1482E-03
 ------------------------------------------------------------------------------

check COM velocity, temp:        0.000000     0.00(Removed)
check COM velocity, temp:        0.000000     0.00(Removed)
check COM velocity, temp:        0.000000     0.00(Removed)
check COM velocity, temp:        0.000000     0.00(Removed)
check COM velocity, temp:        0.000000     0.00(Removed)

 NSTEP =    65000   TIME(PS) =     130.000  TEMP(K) =   359.14  PRESS =     0.0
 Etot   =     -3531.6862  EKtot   =      1253.9226  EPtot      =     -4785.6088
 BOND   =         3.7301  ANGLE   =        16.1989  DIHED      =        24.6889
 1-4 NB =         4.9471  1-4 EEL =       111.5469  VDWAALS    =       598.1847
 EELEC  =     -5544.9053  EHBOND  =         0.0000  RESTRAINT  =         0.0000
 EKCMT  =         0.0000  VIRIAL  =         0.0000  VOLUME     =     21748.2584
                                                    Density    =         0.8047
 Ewald error estimate:   0.5274E-03
 ------------------------------------------------------------------------------

check COM velocity, temp:        0.000000     0.00(Removed)
check COM velocity, temp:        0.000000     0.00(Removed)
check COM velocity, temp:        0.000000     0.00(Removed)
check COM velocity, temp:        0.000000     0.00(Removed)
check COM velocity, temp:        0.000000     0.00(Removed)

 NSTEP =    70000   TIME(PS) =     140.000  TEMP(K) =   354.75  PRESS =     0.0
 Etot   =     -3530.4544  EKtot   =      1238.6146  EPtot      =     -4769.0690
 BOND   =         7.6685  ANGLE   =        23.3290  DIHED      =        21.5435
 1-4 NB =         3.8954  1-4 EEL =       109.5196  VDWAALS    =       607.5291
 EELEC  =     -5542.5541  EHBOND  =         0.0000  RESTRAINT  =         0.0000
 EKCMT  =         0.0000  VIRIAL  =         0.0000  VOLUME     =     21748.2584
                                                    Density    =         0.8047
 Ewald error estimate:   0.4094E-04
 ------------------------------------------------------------------------------

check COM velocity, temp:        0.000000     0.00(Removed)
check COM velocity, temp:        0.000000     0.00(Removed)
check COM velocity, temp:        0.000000     0.00(Removed)
check COM velocity, temp:        0.000000     0.00(Removed)
check COM velocity, temp:        0.000000     0.00(Removed)

 NSTEP =    75000   TIME(PS) =     150.000  TEMP(K) =   369.10  PRESS =     0.0
 Etot   =     -3530.0118  EKtot   =      1288.7162  EPtot      =     -4818.7280
 BOND   =         8.1918  ANGLE   =        15.2991  DIHED      =        21.8277
 1-4 NB =         7.4844  1-4 EEL =       127.2354  VDWAALS    =       610.5565
 EELEC  =     -5609.3230  EHBOND  =         0.0000  RESTRAINT  =         0.0000
 EKCMT  =         0.0000  VIRIAL  =         0.0000  VOLUME     =     21748.2584
                                                    Density    =         0.8047
 Ewald error estimate:   0.4414E-03
 ------------------------------------------------------------------------------

check COM velocity, temp:        0.000000     0.00(Removed)
check COM velocity, temp:        0.000000     0.00(Removed)
check COM velocity, temp:        0.000000     0.00(Removed)
check COM velocity, temp:        0.000000     0.00(Removed)
check COM velocity, temp:        0.000000     0.00(Removed)

 NSTEP =    80000   TIME(PS) =     160.000  TEMP(K) =   364.41  PRESS =     0.0
 Etot   =     -3528.3668  EKtot   =      1272.3447  EPtot      =     -4800.7115
 BOND   =         5.9317  ANGLE   =        14.2689  DIHED      =        23.1933
 1-4 NB =         5.0599  1-4 EEL =       114.9530  VDWAALS    =       618.3703
 EELEC  =     -5582.4886  EHBOND  =         0.0000  RESTRAINT  =         0.0000
 EKCMT  =         0.0000  VIRIAL  =         0.0000  VOLUME     =     21748.2584
                                                    Density    =         0.8047
 Ewald error estimate:   0.1370E-03
 ------------------------------------------------------------------------------

check COM velocity, temp:        0.000000     0.00(Removed)
check COM velocity, temp:        0.000000     0.00(Removed)
check COM velocity, temp:        0.000000     0.00(Removed)
check COM velocity, temp:        0.000000     0.00(Removed)
check COM velocity, temp:        0.000000     0.00(Removed)

 NSTEP =    85000   TIME(PS) =     170.000  TEMP(K) =   366.10  PRESS =     0.0
 Etot   =     -3530.1953  EKtot   =      1278.2414  EPtot      =     -4808.4367
 BOND   =         5.0689  ANGLE   =        19.9747  DIHED      =        20.3487
 1-4 NB =         4.7504  1-4 EEL =       119.1350  VDWAALS    =       604.9462
 EELEC  =     -5582.6604  EHBOND  =         0.0000  RESTRAINT  =         0.0000
 EKCMT  =         0.0000  VIRIAL  =         0.0000  VOLUME     =     21748.2584
                                                    Density    =         0.8047
 Ewald error estimate:   0.8134E-04
 ------------------------------------------------------------------------------

check COM velocity, temp:        0.000000     0.00(Removed)
check COM velocity, temp:        0.000000     0.00(Removed)
check COM velocity, temp:        0.000000     0.00(Removed)
check COM velocity, temp:        0.000000     0.00(Removed)
check COM velocity, temp:        0.000000     0.00(Removed)

 NSTEP =    90000   TIME(PS) =     180.000  TEMP(K) =   360.85  PRESS =     0.0
 Etot   =     -3530.0904  EKtot   =      1259.9135  EPtot      =     -4790.0039
 BOND   =         5.2804  ANGLE   =        12.7453  DIHED      =        21.3938
 1-4 NB =         7.0774  1-4 EEL =       123.5314  VDWAALS    =       566.8351
 EELEC  =     -5526.8672  EHBOND  =         0.0000  RESTRAINT  =         0.0000
 EKCMT  =         0.0000  VIRIAL  =         0.0000  VOLUME     =     21748.2584
                                                    Density    =         0.8047
 Ewald error estimate:   0.2598E-03
 ------------------------------------------------------------------------------

check COM velocity, temp:        0.000000     0.00(Removed)
check COM velocity, temp:        0.000000     0.00(Removed)
check COM velocity, temp:        0.000000     0.00(Removed)
check COM velocity, temp:        0.000000     0.00(Removed)
check COM velocity, temp:        0.000000     0.00(Removed)

 NSTEP =    95000   TIME(PS) =     190.000  TEMP(K) =   362.72  PRESS =     0.0
 Etot   =     -3528.9695  EKtot   =      1266.4391  EPtot      =     -4795.4087
 BOND   =         3.4510  ANGLE   =        15.6122  DIHED      =        20.9872
 1-4 NB =         5.8301  1-4 EEL =       113.5984  VDWAALS    =       685.8317
 EELEC  =     -5640.7192  EHBOND  =         0.0000  RESTRAINT  =         0.0000
 EKCMT  =         0.0000  VIRIAL  =         0.0000  VOLUME     =     21748.2584
                                                    Density    =         0.8047
 Ewald error estimate:   0.1254E-03
 ------------------------------------------------------------------------------

check COM velocity, temp:        0.000000     0.00(Removed)
check COM velocity, temp:        0.000000     0.00(Removed)
check COM velocity, temp:        0.000000     0.00(Removed)
check COM velocity, temp:        0.000000     0.00(Removed)
Setting new random velocities at step   100000
check COM velocity, temp:        0.009197     0.13(Removed)

 NSTEP =   100000   TIME(PS) =     200.000  TEMP(K) =   361.94  PRESS =     0.0
 Etot   =     -3528.5592  EKtot   =      1263.7067  EPtot      =     -4792.2659
 BOND   =         4.5285  ANGLE   =        16.2312  DIHED      =        20.7736
 1-4 NB =         5.7763  1-4 EEL =       113.9498  VDWAALS    =       619.1399
 EELEC  =     -5572.6651  EHBOND  =         0.0000  RESTRAINT  =         0.0000
 EKCMT  =         0.0000  VIRIAL  =         0.0000  VOLUME     =     21748.2584
                                                    Density    =         0.8047
 Ewald error estimate:   0.2633E-03
 ------------------------------------------------------------------------------

check COM velocity, temp:        0.000000     0.00(Removed)
check COM velocity, temp:        0.000000     0.00(Removed)
check COM velocity, temp:        0.000000     0.00(Removed)
check COM velocity, temp:        0.000000     0.00(Removed)
check COM velocity, temp:        0.000000     0.00(Removed)

 NSTEP =   105000   TIME(PS) =     210.000  TEMP(K) =   349.07  PRESS =     0.0
 Etot   =     -3745.5674  EKtot   =      1218.7834  EPtot      =     -4964.3508
 BOND   =         6.1371  ANGLE   =        23.0750  DIHED      =        20.5911
 1-4 NB =         8.6525  1-4 EEL =       114.9462  VDWAALS    =       751.2660
 EELEC  =     -5889.0188  EHBOND  =         0.0000  RESTRAINT  =         0.0000
 EKCMT  =         0.0000  VIRIAL  =         0.0000  VOLUME     =     21748.2584
                                                    Density    =         0.8047
 Ewald error estimate:   0.1104E-03
 ------------------------------------------------------------------------------

check COM velocity, temp:        0.000000     0.00(Removed)
check COM velocity, temp:        0.000000     0.00(Removed)
check COM velocity, temp:        0.000000     0.00(Removed)
check COM velocity, temp:        0.000000     0.00(Removed)
check COM velocity, temp:        0.000000     0.00(Removed)

