
          -------------------------------------------------------
          Amber 20 PMEMD                              2020
          -------------------------------------------------------

| PMEMD implementation of SANDER, Release 18

|  Compiled date/time: Tue Apr 28 03:19:54 2020
| Run on 06/09/2022 at 09:54:51

|   Executable path: pmemd.cuda_SPFP.MPI
| Working directory: /work/xxxx/SIMULATION/xxxx/OPES/TOY/H_mulwal_nobias
|          Hostname: gnode09

  [-O]verwriting output

File Assignments:
|   MDIN: W0/md.OPES1.in                                                        
|  MDOUT: W0/01-ala2.OPES.out                                                   
| INPCRD: W0/00-ala2.rst                                                        
|   PARM: W0/ala2.top                                                           
| RESTRT: W0/01-ala2.OPES.rst                                                   
|   REFC: W0/00-ala2.rst                                                        
|  MDVEL: mdvel.000                                                             
|   MDEN: mden.000                                                              
|  MDCRD: W0/01-ala2.OPES.crd                                                   
| MDINFO: W0/01-ala2.OPES.mdinfo                                                
|LOGFILE: logfile.000                                                           
|  MDFRC: mdfrc.000                                                             


 Here is the input file:

production NPT                                                                 
 &cntrl                                                                        
   imin=0,                                                                     
   ntx=1, irest=0,                                                             
   t=0,                                                                        
   ntxo=2, ntpr=5000, ntwr=10000000, ntwx=5000, ioutfm=1,                      
   nstlim=2500000, dt=0.002,                                                   
   ntt=2, temp0=310, ig=-1, tempi=310, vrand=50000,                            
   ntp=1, barostat=2, pres0=1.0, mcbarint=50000,                               
   ntc=2,                                                                      
   ntf=2, ntb=2, cut=8.,                                                       
   plumed=1, plumedfile='plumed1.dat'                                          
                                                                               
/                                                                              
 &ewald                                                                        
   ew_type=0, use_pme=1,                                                       
/                                                                              
                                                                               


Note: ig = -1. Setting random seed to   882223 based on wallclock time in
      microseconds and disabling the synchronization of random numbers 
      between tasks to improve performance.
| irandom = 1, using AMBER's internal random number generator (default).
PLUMED is on
PLUMED file is plumed1.dat                                                                                                                                                                                                                                                     
 
|--------------------- INFORMATION ----------------------
| GPU (CUDA) Version of PMEMD in use: NVIDIA GPU IN USE.
|                    Version 18.0.0
| 
|                      03/25/2018
| 
| Implementation by:
|                    Ross C. Walker     (SDSC)
|                    Scott Le Grand     (nVIDIA)
| 
| Version 18 performance extensions by:
|                    David Cerutti     (Rutgers)
| 
| Precision model in use:
|      [SPFP] - Single Precision Forces, 64-bit Fixed Point
|               Accumulation. (Default)
| 
|--------------------------------------------------------
 
|----------------- CITATION INFORMATION -----------------
|
|    When publishing work that utilized the CUDA version
|    of AMBER, please cite the following in addition to
|    the regular AMBER citations:
|
|  - Romelia Salomon-Ferrer; Andreas W. Goetz; Duncan
|    Poole; Scott Le Grand; Ross C. Walker "Routine
|    microsecond molecular dynamics simulations with
|    AMBER - Part II: Particle Mesh Ewald", J. Chem.
|    Theory Comput., 2013, 9 (9), pp3878-3888,
|    DOI: 10.1021/ct400314y.
|
|  - Andreas W. Goetz; Mark J. Williamson; Dong Xu;
|    Duncan Poole; Scott Le Grand; Ross C. Walker
|    "Routine microsecond molecular dynamics simulations
|    with AMBER - Part I: Generalized Born", J. Chem.
|    Theory Comput., 2012, 8 (5), pp1542-1555.
|
|  - Scott Le Grand; Andreas W. Goetz; Ross C. Walker
|    "SPFP: Speed without compromise - a mixed precision
|    model for GPU accelerated molecular dynamics
|    simulations.", Comp. Phys. Comm., 2013, 184
|    pp374-380, DOI: 10.1016/j.cpc.2012.09.022
|
|--------------------------------------------------------
 
|------------------- GPU DEVICE INFO --------------------
|
|                         Task ID:      0
|            CUDA_VISIBLE_DEVICES: not set
|   CUDA Capable Devices Detected:      2
|           CUDA Device ID in use:      0
|                CUDA Device Name: Tesla V100-SXM2-16GB
|     CUDA Device Global Mem Size:  16160 MB
| CUDA Device Num Multiprocessors:     80
|           CUDA Device Core Freq:   1.53 GHz
|
|--------------------------------------------------------
 
|---------------- GPU PEER TO PEER INFO -----------------
|
|   Peer to Peer support: ENABLED
|
|   NCCL support: DISABLED
|
|--------------------------------------------------------
 
 
| Conditional Compilation Defines Used:
| MPI
| PUBFFT
| BINTRAJ
| CUDA
| EMIL

| Largest sphere to fit in unit cell has radius =    12.466

| New format PARM file being parsed.
| Version =    1.000 Date = 06/07/22 Time = 13:09:54

| Note: 1-4 EEL scale factors are being read from the topology file.

| Note: 1-4 VDW scale factors are being read from the topology file.
| Duplicated    0 dihedrals

| Duplicated    0 dihedrals

--------------------------------------------------------------------------------
   1.  RESOURCE   USE: 
--------------------------------------------------------------------------------

 getting new box info from bottom of inpcrd
 NATOM  =    1751 NTYPES =       9 NBONH =    1736 MBONA  =      14
 NTHETH =      36 MTHETA =      18 NPHIH =      64 MPHIA  =      45
 NHPARM =       0 NPARM  =       0 NNB   =    2444 NRES   =     577
 NBONA  =      14 NTHETA =      18 NPHIA =      45 NUMBND =      13
 NUMANG =      21 NPTRA  =      20 NATYP =      10 NPHB   =       0
 IFBOX  =       2 NMXRS  =      10 IFCAP =       0 NEXTRA =       0
 NCOPY  =       0

| Coordinate Index Table dimensions:     5    5    5
| Direct force subcell size =     6.1071    6.1071    6.1071

     BOX TYPE: TRUNCATED OCTAHEDRON

--------------------------------------------------------------------------------
   2.  CONTROL  DATA  FOR  THE  RUN
--------------------------------------------------------------------------------

default_name                                                                    

General flags:
     imin    =       0, nmropt  =       0

Nature and format of input:
     ntx     =       1, irest   =       0, ntrx    =       1

Nature and format of output:
     ntxo    =       2, ntpr    =    5000, ntrx    =       1, ntwr    =10000000
     iwrap   =       0, ntwx    =    5000, ntwv    =       0, ntwe    =       0
     ioutfm  =       1, ntwprt  =       0, idecomp =       0, rbornstat=      0

Potential function:
     ntf     =       2, ntb     =       2, igb     =       0, nsnb    =      25
     ipol    =       0, gbsa    =       0, iesp    =       0
     dielc   =   1.00000, cut     =   8.00000, intdiel =   1.00000

Frozen or restrained atoms:
     ibelly  =       0, ntr     =       0

Molecular dynamics:
     nstlim  =   2500000, nscm    =      1000, nrespa  =         1
